mode: set
github.com/absmach/supermq/channels/postgres/channels.go:46.62,52.2 2 1
github.com/absmach/supermq/channels/postgres/channels.go:54.109,56.25 2 1
github.com/absmach/supermq/channels/postgres/channels.go:56.25,58.17 2 1
github.com/absmach/supermq/channels/postgres/channels.go:58.17,60.4 1 1
github.com/absmach/supermq/channels/postgres/channels.go:61.3,61.30 1 1
github.com/absmach/supermq/channels/postgres/channels.go:64.2,69.16 3 1
github.com/absmach/supermq/channels/postgres/channels.go:69.16,71.3 1 1
github.com/absmach/supermq/channels/postgres/channels.go:73.2,77.17 3 1
github.com/absmach/supermq/channels/postgres/channels.go:77.17,79.47 2 1
github.com/absmach/supermq/channels/postgres/channels.go:79.47,81.4 1 0
github.com/absmach/supermq/channels/postgres/channels.go:83.3,84.17 2 1
github.com/absmach/supermq/channels/postgres/channels.go:84.17,86.4 1 0
github.com/absmach/supermq/channels/postgres/channels.go:87.3,87.28 1 1
github.com/absmach/supermq/channels/postgres/channels.go:89.2,89.19 1 1
github.com/absmach/supermq/channels/postgres/channels.go:92.48,93.80 1 1
github.com/absmach/supermq/channels/postgres/channels.go:93.80,94.31 1 1
github.com/absmach/supermq/channels/postgres/channels.go:95.39,96.38 1 1
github.com/absmach/supermq/channels/postgres/channels.go:99.2,99.43 1 1
github.com/absmach/supermq/channels/postgres/channels.go:102.110,105.24 3 1
github.com/absmach/supermq/channels/postgres/channels.go:105.24,107.3 1 1
github.com/absmach/supermq/channels/postgres/channels.go:108.2,108.29 1 1
github.com/absmach/supermq/channels/postgres/channels.go:108.29,110.3 1 1
github.com/absmach/supermq/channels/postgres/channels.go:111.2,111.20 1 1
github.com/absmach/supermq/channels/postgres/channels.go:111.20,113.3 1 1
github.com/absmach/supermq/channels/postgres/channels.go:114.2,119.35 3 1
github.com/absmach/supermq/channels/postgres/channels.go:122.114,128.2 3 1
github.com/absmach/supermq/channels/postgres/channels.go:130.116,136.2 2 1
github.com/absmach/supermq/channels/postgres/channels.go:138.101,146.16 4 1
github.com/absmach/supermq/channels/postgres/channels.go:146.16,148.3 1 0
github.com/absmach/supermq/channels/postgres/channels.go:149.2,152.16 3 1
github.com/absmach/supermq/channels/postgres/channels.go:152.16,153.47 1 1
github.com/absmach/supermq/channels/postgres/channels.go:153.47,155.4 1 0
github.com/absmach/supermq/channels/postgres/channels.go:156.3,156.25 1 1
github.com/absmach/supermq/channels/postgres/channels.go:159.2,159.48 1 1
github.com/absmach/supermq/channels/postgres/channels.go:162.117,172.16 4 1
github.com/absmach/supermq/channels/postgres/channels.go:172.16,174.3 1 0
github.com/absmach/supermq/channels/postgres/channels.go:175.2,178.16 3 1
github.com/absmach/supermq/channels/postgres/channels.go:178.16,179.47 1 1
github.com/absmach/supermq/channels/postgres/channels.go:179.47,181.4 1 0
github.com/absmach/supermq/channels/postgres/channels.go:182.3,182.25 1 1
github.com/absmach/supermq/channels/postgres/channels.go:185.2,185.48 1 1
github.com/absmach/supermq/channels/postgres/channels.go:188.120,370.16 4 1
github.com/absmach/supermq/channels/postgres/channels.go:370.16,372.3 1 0
github.com/absmach/supermq/channels/postgres/channels.go:373.2,376.17 3 1
github.com/absmach/supermq/channels/postgres/channels.go:376.17,378.3 1 1
github.com/absmach/supermq/channels/postgres/channels.go:380.2,380.46 1 1
github.com/absmach/supermq/channels/postgres/channels.go:380.46,382.3 1 0
github.com/absmach/supermq/channels/postgres/channels.go:384.2,384.24 1 1
github.com/absmach/supermq/channels/postgres/channels.go:387.112,389.16 2 1
github.com/absmach/supermq/channels/postgres/channels.go:389.16,391.3 1 1
github.com/absmach/supermq/channels/postgres/channels.go:393.2,398.21 2 1
github.com/absmach/supermq/channels/postgres/channels.go:398.21,414.3 1 1
github.com/absmach/supermq/channels/postgres/channels.go:416.2,445.16 5 1
github.com/absmach/supermq/channels/postgres/channels.go:445.16,447.3 1 0
github.com/absmach/supermq/channels/postgres/channels.go:449.2,450.19 2 1
github.com/absmach/supermq/channels/postgres/channels.go:450.19,452.17 2 1
github.com/absmach/supermq/channels/postgres/channels.go:452.17,454.4 1 0
github.com/absmach/supermq/channels/postgres/channels.go:455.3,457.19 2 1
github.com/absmach/supermq/channels/postgres/channels.go:457.19,459.49 2 1
github.com/absmach/supermq/channels/postgres/channels.go:459.49,461.5 1 0
github.com/absmach/supermq/channels/postgres/channels.go:463.4,464.18 2 1
github.com/absmach/supermq/channels/postgres/channels.go:464.18,466.5 1 0
github.com/absmach/supermq/channels/postgres/channels.go:468.4,468.29 1 1
github.com/absmach/supermq/channels/postgres/channels.go:471.2,478.16 3 1
github.com/absmach/supermq/channels/postgres/channels.go:478.16,480.3 1 0
github.com/absmach/supermq/channels/postgres/channels.go:482.2,490.18 2 1
github.com/absmach/supermq/channels/postgres/channels.go:493.148,495.2 1 1
github.com/absmach/supermq/channels/postgres/channels.go:497.144,499.16 2 1
github.com/absmach/supermq/channels/postgres/channels.go:499.16,501.3 1 1
github.com/absmach/supermq/channels/postgres/channels.go:503.2,510.21 3 1
github.com/absmach/supermq/channels/postgres/channels.go:510.21,526.3 1 1
github.com/absmach/supermq/channels/postgres/channels.go:528.2,561.16 5 1
github.com/absmach/supermq/channels/postgres/channels.go:561.16,563.3 1 0
github.com/absmach/supermq/channels/postgres/channels.go:565.2,566.19 2 1
github.com/absmach/supermq/channels/postgres/channels.go:566.19,568.17 2 1
github.com/absmach/supermq/channels/postgres/channels.go:568.17,570.4 1 0
github.com/absmach/supermq/channels/postgres/channels.go:571.3,573.19 2 1
github.com/absmach/supermq/channels/postgres/channels.go:573.19,575.48 2 1
github.com/absmach/supermq/channels/postgres/channels.go:575.48,577.5 1 0
github.com/absmach/supermq/channels/postgres/channels.go:579.4,580.18 2 1
github.com/absmach/supermq/channels/postgres/channels.go:580.18,582.5 1 0
github.com/absmach/supermq/channels/postgres/channels.go:584.4,584.28 1 1
github.com/absmach/supermq/channels/postgres/channels.go:588.2,619.16 3 1
github.com/absmach/supermq/channels/postgres/channels.go:619.16,621.3 1 0
github.com/absmach/supermq/channels/postgres/channels.go:623.2,632.18 2 1
github.com/absmach/supermq/channels/postgres/channels.go:635.86,906.2 1 1
github.com/absmach/supermq/channels/postgres/channels.go:908.79,914.16 4 1
github.com/absmach/supermq/channels/postgres/channels.go:914.16,916.3 1 0
github.com/absmach/supermq/channels/postgres/channels.go:917.2,917.49 1 1
github.com/absmach/supermq/channels/postgres/channels.go:917.49,919.3 1 1
github.com/absmach/supermq/channels/postgres/channels.go:920.2,920.12 1 1
github.com/absmach/supermq/channels/postgres/channels.go:923.93,926.16 3 1
github.com/absmach/supermq/channels/postgres/channels.go:926.16,928.3 1 0
github.com/absmach/supermq/channels/postgres/channels.go:929.2,930.16 2 1
github.com/absmach/supermq/channels/postgres/channels.go:930.16,932.3 1 1
github.com/absmach/supermq/channels/postgres/channels.go:933.2,933.49 1 1
github.com/absmach/supermq/channels/postgres/channels.go:933.49,935.3 1 1
github.com/absmach/supermq/channels/postgres/channels.go:936.2,936.12 1 1
github.com/absmach/supermq/channels/postgres/channels.go:939.96,942.16 3 1
github.com/absmach/supermq/channels/postgres/channels.go:942.16,944.3 1 0
github.com/absmach/supermq/channels/postgres/channels.go:945.2,946.16 2 1
github.com/absmach/supermq/channels/postgres/channels.go:946.16,948.3 1 0
github.com/absmach/supermq/channels/postgres/channels.go:949.2,949.49 1 1
github.com/absmach/supermq/channels/postgres/channels.go:949.49,951.3 1 1
github.com/absmach/supermq/channels/postgres/channels.go:952.2,952.12 1 1
github.com/absmach/supermq/channels/postgres/channels.go:955.101,960.67 3 1
github.com/absmach/supermq/channels/postgres/channels.go:960.67,962.3 1 1
github.com/absmach/supermq/channels/postgres/channels.go:964.2,964.12 1 1
github.com/absmach/supermq/channels/postgres/channels.go:967.113,969.16 2 1
github.com/absmach/supermq/channels/postgres/channels.go:969.16,971.3 1 0
github.com/absmach/supermq/channels/postgres/channels.go:972.2,972.15 1 1
github.com/absmach/supermq/channels/postgres/channels.go:972.15,973.20 1 1
github.com/absmach/supermq/channels/postgres/channels.go:973.20,974.56 1 0
github.com/absmach/supermq/channels/postgres/channels.go:974.56,976.5 1 0
github.com/absmach/supermq/channels/postgres/channels.go:980.2,982.29 2 1
github.com/absmach/supermq/channels/postgres/channels.go:982.29,983.27 1 1
github.com/absmach/supermq/channels/postgres/channels.go:983.27,985.4 1 1
github.com/absmach/supermq/channels/postgres/channels.go:986.3,987.56 2 1
github.com/absmach/supermq/channels/postgres/channels.go:987.56,989.4 1 0
github.com/absmach/supermq/channels/postgres/channels.go:991.2,991.36 1 1
github.com/absmach/supermq/channels/postgres/channels.go:991.36,993.3 1 0
github.com/absmach/supermq/channels/postgres/channels.go:994.2,994.12 1 1
github.com/absmach/supermq/channels/postgres/channels.go:997.99,1001.16 4 1
github.com/absmach/supermq/channels/postgres/channels.go:1001.16,1003.3 1 0
github.com/absmach/supermq/channels/postgres/channels.go:1004.2,1006.18 2 1
github.com/absmach/supermq/channels/postgres/channels.go:1006.18,1008.3 1 1
github.com/absmach/supermq/channels/postgres/channels.go:1009.2,1009.12 1 1
github.com/absmach/supermq/channels/postgres/channels.go:1012.99,1016.16 4 1
github.com/absmach/supermq/channels/postgres/channels.go:1016.16,1018.3 1 0
github.com/absmach/supermq/channels/postgres/channels.go:1019.2,1021.18 2 1
github.com/absmach/supermq/channels/postgres/channels.go:1021.18,1023.3 1 1
github.com/absmach/supermq/channels/postgres/channels.go:1024.2,1024.12 1 1
github.com/absmach/supermq/channels/postgres/channels.go:1027.102,1032.16 4 1
github.com/absmach/supermq/channels/postgres/channels.go:1032.16,1034.3 1 0
github.com/absmach/supermq/channels/postgres/channels.go:1035.2,1035.19 1 1
github.com/absmach/supermq/channels/postgres/channels.go:1038.103,1043.16 4 1
github.com/absmach/supermq/channels/postgres/channels.go:1043.16,1045.3 1 0
github.com/absmach/supermq/channels/postgres/channels.go:1046.2,1048.25 2 1
github.com/absmach/supermq/channels/postgres/channels.go:1051.98,1055.70 3 1
github.com/absmach/supermq/channels/postgres/channels.go:1055.70,1057.3 1 0
github.com/absmach/supermq/channels/postgres/channels.go:1058.2,1058.12 1 1
github.com/absmach/supermq/channels/postgres/channels.go:1061.100,1065.70 3 1
github.com/absmach/supermq/channels/postgres/channels.go:1065.70,1067.3 1 0
github.com/absmach/supermq/channels/postgres/channels.go:1068.2,1068.12 1 1
github.com/absmach/supermq/channels/postgres/channels.go:1071.129,1076.16 3 1
github.com/absmach/supermq/channels/postgres/channels.go:1076.16,1078.3 1 0
github.com/absmach/supermq/channels/postgres/channels.go:1079.2,1082.18 3 1
github.com/absmach/supermq/channels/postgres/channels.go:1082.18,1084.48 2 1
github.com/absmach/supermq/channels/postgres/channels.go:1084.48,1086.4 1 0
github.com/absmach/supermq/channels/postgres/channels.go:1088.3,1089.17 2 1
github.com/absmach/supermq/channels/postgres/channels.go:1089.17,1091.4 1 0
github.com/absmach/supermq/channels/postgres/channels.go:1093.3,1093.24 1 1
github.com/absmach/supermq/channels/postgres/channels.go:1095.2,1095.17 1 1
github.com/absmach/supermq/channels/postgres/channels.go:1098.108,1101.115 2 1
github.com/absmach/supermq/channels/postgres/channels.go:1101.115,1103.3 1 0
github.com/absmach/supermq/channels/postgres/channels.go:1104.2,1104.12 1 1
github.com/absmach/supermq/channels/postgres/channels.go:1107.119,1109.16 2 1
github.com/absmach/supermq/channels/postgres/channels.go:1109.16,1111.3 1 0
github.com/absmach/supermq/channels/postgres/channels.go:1113.2,1114.16 2 1
github.com/absmach/supermq/channels/postgres/channels.go:1114.16,1116.3 1 0
github.com/absmach/supermq/channels/postgres/channels.go:1117.2,1120.16 3 1
github.com/absmach/supermq/channels/postgres/channels.go:1120.16,1121.47 1 1
github.com/absmach/supermq/channels/postgres/channels.go:1121.47,1123.4 1 0
github.com/absmach/supermq/channels/postgres/channels.go:1125.3,1125.25 1 1
github.com/absmach/supermq/channels/postgres/channels.go:1128.2,1128.48 1 1
github.com/absmach/supermq/channels/postgres/channels.go:1158.58,1160.26 2 1
github.com/absmach/supermq/channels/postgres/channels.go:1160.26,1162.17 2 1
github.com/absmach/supermq/channels/postgres/channels.go:1162.17,1164.4 1 1
github.com/absmach/supermq/channels/postgres/channels.go:1165.3,1165.11 1 1
github.com/absmach/supermq/channels/postgres/channels.go:1167.2,1168.42 2 1
github.com/absmach/supermq/channels/postgres/channels.go:1168.42,1170.3 1 0
github.com/absmach/supermq/channels/postgres/channels.go:1171.2,1172.24 2 1
github.com/absmach/supermq/channels/postgres/channels.go:1172.24,1174.3 1 0
github.com/absmach/supermq/channels/postgres/channels.go:1175.2,1176.24 2 1
github.com/absmach/supermq/channels/postgres/channels.go:1176.24,1178.3 1 1
github.com/absmach/supermq/channels/postgres/channels.go:1179.2,1180.35 2 1
github.com/absmach/supermq/channels/postgres/channels.go:1180.35,1182.3 1 1
github.com/absmach/supermq/channels/postgres/channels.go:1183.2,1196.8 1 1
github.com/absmach/supermq/channels/postgres/channels.go:1199.44,1200.13 1 1
github.com/absmach/supermq/channels/postgres/channels.go:1200.13,1202.3 1 1
github.com/absmach/supermq/channels/postgres/channels.go:1204.2,1207.3 1 1
github.com/absmach/supermq/channels/postgres/channels.go:1210.40,1211.13 1 1
github.com/absmach/supermq/channels/postgres/channels.go:1211.13,1213.3 1 1
github.com/absmach/supermq/channels/postgres/channels.go:1214.2,1214.11 1 1
github.com/absmach/supermq/channels/postgres/channels.go:1217.56,1219.24 2 1
github.com/absmach/supermq/channels/postgres/channels.go:1219.24,1220.72 1 1
github.com/absmach/supermq/channels/postgres/channels.go:1220.72,1222.4 1 0
github.com/absmach/supermq/channels/postgres/channels.go:1224.2,1225.37 2 1
github.com/absmach/supermq/channels/postgres/channels.go:1225.37,1227.3 1 1
github.com/absmach/supermq/channels/postgres/channels.go:1228.2,1229.25 2 1
github.com/absmach/supermq/channels/postgres/channels.go:1229.25,1231.3 1 0
github.com/absmach/supermq/channels/postgres/channels.go:1232.2,1233.25 2 1
github.com/absmach/supermq/channels/postgres/channels.go:1233.25,1235.3 1 1
github.com/absmach/supermq/channels/postgres/channels.go:1236.2,1237.24 2 1
github.com/absmach/supermq/channels/postgres/channels.go:1237.24,1239.3 1 1
github.com/absmach/supermq/channels/postgres/channels.go:1241.2,1242.40 2 1
github.com/absmach/supermq/channels/postgres/channels.go:1242.40,1244.17 2 1
github.com/absmach/supermq/channels/postgres/channels.go:1244.17,1246.4 1 0
github.com/absmach/supermq/channels/postgres/channels.go:1247.3,1247.42 1 1
github.com/absmach/supermq/channels/postgres/channels.go:1250.2,1251.21 2 1
github.com/absmach/supermq/channels/postgres/channels.go:1251.21,1252.58 1 1
github.com/absmach/supermq/channels/postgres/channels.go:1252.58,1254.4 1 0
github.com/absmach/supermq/channels/postgres/channels.go:1257.2,1283.19 2 1
github.com/absmach/supermq/channels/postgres/channels.go:1286.50,1288.16 2 1
github.com/absmach/supermq/channels/postgres/channels.go:1288.16,1290.3 1 1
github.com/absmach/supermq/channels/postgres/channels.go:1292.2,1293.19 2 1
github.com/absmach/supermq/channels/postgres/channels.go:1293.19,1295.3 1 1
github.com/absmach/supermq/channels/postgres/channels.go:1297.2,1297.17 1 1
github.com/absmach/supermq/channels/postgres/channels.go:1297.17,1299.3 1 1
github.com/absmach/supermq/channels/postgres/channels.go:1300.2,1300.18 1 1
github.com/absmach/supermq/channels/postgres/channels.go:1300.18,1302.3 1 1
github.com/absmach/supermq/channels/postgres/channels.go:1304.2,1304.14 1 1
github.com/absmach/supermq/channels/postgres/channels.go:1304.14,1306.3 1 1
github.com/absmach/supermq/channels/postgres/channels.go:1308.2,1308.22 1 1
github.com/absmach/supermq/channels/postgres/channels.go:1308.22,1310.3 1 1
github.com/absmach/supermq/channels/postgres/channels.go:1311.2,1311.37 1 1
github.com/absmach/supermq/channels/postgres/channels.go:1311.37,1313.3 1 1
github.com/absmach/supermq/channels/postgres/channels.go:1314.2,1314.21 1 1
github.com/absmach/supermq/channels/postgres/channels.go:1314.21,1316.3 1 1
github.com/absmach/supermq/channels/postgres/channels.go:1317.2,1317.20 1 1
github.com/absmach/supermq/channels/postgres/channels.go:1317.20,1318.10 1 1
github.com/absmach/supermq/channels/postgres/channels.go:1319.29,1320.99 1 1
github.com/absmach/supermq/channels/postgres/channels.go:1321.11,1322.52 1 1
github.com/absmach/supermq/channels/postgres/channels.go:1326.2,1326.21 1 1
github.com/absmach/supermq/channels/postgres/channels.go:1326.21,1328.30 2 1
github.com/absmach/supermq/channels/postgres/channels.go:1328.30,1330.4 1 1
github.com/absmach/supermq/channels/postgres/channels.go:1332.2,1332.25 1 1
github.com/absmach/supermq/channels/postgres/channels.go:1332.25,1334.3 1 1
github.com/absmach/supermq/channels/postgres/channels.go:1335.2,1335.21 1 1
github.com/absmach/supermq/channels/postgres/channels.go:1335.21,1337.3 1 1
github.com/absmach/supermq/channels/postgres/channels.go:1338.2,1338.23 1 1
github.com/absmach/supermq/channels/postgres/channels.go:1338.23,1340.3 1 1
github.com/absmach/supermq/channels/postgres/channels.go:1341.2,1341.26 1 1
github.com/absmach/supermq/channels/postgres/channels.go:1341.26,1343.3 1 1
github.com/absmach/supermq/channels/postgres/channels.go:1344.2,1344.26 1 1
github.com/absmach/supermq/channels/postgres/channels.go:1344.26,1346.3 1 1
github.com/absmach/supermq/channels/postgres/channels.go:1348.2,1349.20 2 1
github.com/absmach/supermq/channels/postgres/channels.go:1349.20,1351.3 1 1
github.com/absmach/supermq/channels/postgres/channels.go:1352.2,1352.17 1 1
github.com/absmach/supermq/channels/postgres/channels.go:1355.57,1357.18 2 1
github.com/absmach/supermq/channels/postgres/channels.go:1358.14,1359.17 1 1
github.com/absmach/supermq/channels/postgres/channels.go:1360.20,1361.23 1 1
github.com/absmach/supermq/channels/postgres/channels.go:1362.24,1363.47 1 1
github.com/absmach/supermq/channels/postgres/channels.go:1366.2,1367.45 2 1
github.com/absmach/supermq/channels/postgres/channels.go:1367.45,1369.3 1 1
github.com/absmach/supermq/channels/postgres/channels.go:1371.2,1371.70 1 1
github.com/absmach/supermq/channels/postgres/channels.go:1374.44,1377.2 1 1
github.com/absmach/supermq/channels/postgres/channels.go:1379.65,1381.16 2 1
github.com/absmach/supermq/channels/postgres/channels.go:1381.16,1383.3 1 0
github.com/absmach/supermq/channels/postgres/channels.go:1385.2,1386.29 2 1
github.com/absmach/supermq/channels/postgres/channels.go:1386.29,1388.17 2 1
github.com/absmach/supermq/channels/postgres/channels.go:1388.17,1390.4 1 0
github.com/absmach/supermq/channels/postgres/channels.go:1391.3,1391.23 1 1
github.com/absmach/supermq/channels/postgres/channels.go:1394.2,1410.8 1 1
github.com/absmach/supermq/channels/postgres/channels.go:1438.66,1440.29 2 1
github.com/absmach/supermq/channels/postgres/channels.go:1440.29,1442.3 1 1
github.com/absmach/supermq/channels/postgres/channels.go:1443.2,1443.16 1 1
github.com/absmach/supermq/channels/postgres/channels.go:1446.60,1453.2 1 1
github.com/absmach/supermq/channels/postgres/init.go:15.58,17.16 2 1
github.com/absmach/supermq/channels/postgres/init.go:17.16,19.3 1 0
github.com/absmach/supermq/channels/postgres/init.go:20.2,92.16 4 1
github.com/absmach/supermq/channels/postgres/init.go:92.16,94.3 1 0
github.com/absmach/supermq/channels/postgres/init.go:96.2,98.31 2 1
